Reading package lists...
Building dependency tree...
Reading state information...
Package mysql-client is not available, but is referred to by another package.
This may mean that the package is missing, has been obsoleted, or
is only available from another source

E: Package 'mysql-client' has no installation candidate
Reading package lists...
Building dependency tree...
Reading state information...
Package mysql-client is not available, but is referred to by another package.
This may mean that the package is missing, has been obsoleted, or
is only available from another source

E: Package 'mysql-client' has no installation candidate
Reading package lists...
Building dependency tree...
Reading state information...
Package mysql-client is not available, but is referred to by another package.
This may mean that the package is missing, has been obsoleted, or
is only available from another source

E: Package 'mysql-client' has no installation candidate
Reading package lists...
Building dependency tree...
Reading state information...
Package mysql-client is not available, but is referred to by another package.
This may mean that the package is missing, has been obsoleted, or
is only available from another source

E: Package 'mysql-client' has no installation candidate
Reading package lists...
Building dependency tree...
Reading state information...
Package mysql-client is not available, but is referred to by another package.
This may mean that the package is missing, has been obsoleted, or
is only available from another source

E: Package 'mysql-client' has no installation candidate
